srun: Job step aborted: Waiting up to 32 seconds for job step to finish.
slurmstepd: error: *** JOB 2113762 ON neshcl323 CANCELLED AT 2021-07-26T18:36:59 ***
0: slurmstepd: error: *** STEP 2113762.0 ON neshcl323 CANCELLED AT 2021-07-26T18:36:59 ***
